c:\users\alune\desktop\lasalle\videojuegos1\basecode\debug\vc140.pdb
c:\users\alune\desktop\lasalle\videojuegos1\basecode\debug\vc140.idb
c:\users\alune\desktop\lasalle\videojuegos1\basecode\debug\enemy.obj
c:\users\alune\desktop\lasalle\videojuegos1\basecode\debug\game.obj
c:\users\alune\desktop\lasalle\videojuegos1\basecode\debug\gameobject.obj
c:\users\alune\desktop\lasalle\videojuegos1\basecode\debug\gamestatemachine.obj
c:\users\alune\desktop\lasalle\videojuegos1\basecode\debug\inputhandler.obj
c:\users\alune\desktop\lasalle\videojuegos1\basecode\debug\main.obj
c:\users\alune\desktop\lasalle\videojuegos1\basecode\debug\menubutton.obj
c:\users\alune\desktop\lasalle\videojuegos1\basecode\debug\pausestate.obj
c:\users\alune\desktop\lasalle\videojuegos1\basecode\debug\player.obj
c:\users\alune\desktop\lasalle\videojuegos1\basecode\debug\playstate.obj
c:\users\alune\desktop\lasalle\videojuegos1\basecode\debug\stateparser.obj
c:\users\alune\desktop\lasalle\videojuegos1\basecode\debug\texturemanager.obj
c:\users\alune\desktop\lasalle\videojuegos1\basecode\debug\tinystr.obj
c:\users\alune\desktop\lasalle\videojuegos1\basecode\debug\tinyxml.obj
c:\users\alune\desktop\lasalle\videojuegos1\basecode\debug\tinyxmlerror.obj
c:\users\alune\desktop\lasalle\videojuegos1\basecode\debug\tinyxmlparser.obj
c:\users\alune\desktop\lasalle\videojuegos1\basecode\debug\vector2d.obj
c:\users\alune\desktop\lasalle\videojuegos1\basecode\debug\1-helloworld.tlog\cl.command.1.tlog
c:\users\alune\desktop\lasalle\videojuegos1\basecode\debug\1-helloworld.tlog\cl.read.1.tlog
c:\users\alune\desktop\lasalle\videojuegos1\basecode\debug\1-helloworld.tlog\cl.write.1.tlog
