Compilación iniciada a las 03/11/2015 21:03:43.
     1>Proyecto "C:\Users\KyuRicard\Source\Repos\Videojocs 1\1helloworld.vcxproj" en el nodo 2 (Build destinos).
     1>ClCompile:
         C:\Program Files (x86)\Microsoft Visual Studio 14.0\VC\bin\CL.exe /c /Ilibs/SDL/include /ZI /nologo /W3 /WX- /Od /Oy- /D WIN32 /D _DEBUG /D _CONSOLE /D _UNICODE /D UNICODE /Gm /EHsc /RTC1 /MDd /GS /fp:precise /Zc:wchar_t /Zc:forScope /Zc:inline /Fo"Debug\\" /Fd"Debug\vc140.pdb" /Gd /TP /analyze- /errorReport:prompt Enemy.cpp
         Enemy.cpp
     1>c:\users\kyuricard\source\repos\videojocs 1\livingentity.h(30): warning C4244: 'return': conversión de 'float' a 'int'; posible pérdida de datos
     1>c:\users\kyuricard\source\repos\videojocs 1\livingentity.h(31): warning C4244: 'return': conversión de 'float' a 'int'; posible pérdida de datos
     1>c:\users\kyuricard\source\repos\videojocs 1\livingentity.h(35): warning C4244: 'argumento': conversión de 'int' a 'float'; posible pérdida de datos
     1>c:\users\kyuricard\source\repos\videojocs 1\enemy.cpp(9): warning C4244: 'inicializando': conversión de 'double' a 'float'; posible pérdida de datos
     1>c:\users\kyuricard\source\repos\videojocs 1\enemy.cpp(25): warning C4244: 'inicializando': conversión de 'float' a 'int'; posible pérdida de datos
     1>c:\users\kyuricard\source\repos\videojocs 1\enemy.cpp(26): warning C4244: 'inicializando': conversión de 'float' a 'int'; posible pérdida de datos
     1>c:\users\kyuricard\source\repos\videojocs 1\enemy.cpp(46): warning C4244: 'inicializando': conversión de 'double' a 'float'; posible pérdida de datos
       Link:
         C:\Program Files (x86)\Microsoft Visual Studio 14.0\VC\bin\link.exe /ERRORREPORT:PROMPT /OUT:"C:\Users\KyuRicard\Source\Repos\Videojocs 1\Debug\Plataformes 2D.exe" /INCREMENTAL /NOLOGO /LIBPATH:libs/SDL/lib SDL2.lib SDL2main.lib SDL2_image.lib /MANIFEST /MANIFESTUAC:"level='asInvoker' uiAccess='false'" /manifest:embed /Debug /PDB:"C:\Users\KyuRicard\Source\Repos\Videojocs 1\Debug\Plataformes 2D.pdb" /SUBSYSTEM:CONSOLE /TLBID:1 /DYNAMICBASE /NXCOMPAT /IMPLIB:"C:\Users\KyuRicard\Source\Repos\Videojocs 1\Debug\Plataformes 2D.lib" /MACHINE:X86 Debug\Enemy.obj
         Debug\EntityParams.obj
         Debug\EventHandler.obj
         Debug\Game.obj
         Debug\LivingEntity.obj
         Debug\Loaders.obj
         Debug\Main.obj
         Debug\Player.obj
         Debug\Tools.obj
         Debug\Vector2D.obj
         1helloworld.vcxproj -> C:\Users\KyuRicard\Source\Repos\Videojocs 1\Debug\Plataformes 2D.exe
     1>Compilación del proyecto terminada "C:\Users\KyuRicard\Source\Repos\Videojocs 1\1helloworld.vcxproj" (Build destinos).

Compilación correcta.

Tiempo transcurrido 00:00:02.29
